<?xml version="1.0" encoding="UTF-8"?>
<!-- Generated by org.testng.reporters.JUnitReportReporter -->
<testsuite hostname="MAVLT1216" failures="0" tests="2" name="TestClasses.TestClass1" time="31.180" errors="0" timestamp="2024-03-29T12:03:25 IST" skipped="0">
  <testcase classname="TestClasses.TestClass1" name="checkTest" time="15.376"/>
  <system-out/>
  <testcase classname="TestClasses.TestClass1" name="checkTest" time="15.804"/>
  <system-out/>
</testsuite> <!-- TestClasses.TestClass1 -->
